This file contains any messages produced by compilers while
running configure, to aid debugging if configure makes a mistake.

It was created by wslay configure 1.1.1, which was
generated by GNU Autoconf 2.71.  Invocation command line was

  $ ./configure --disable-option-checking --prefix=/usr/local --cache-file=/dev/null --srcdir=.

## --------- ##
## Platform. ##
## --------- ##

hostname = DESKTOP-T1A1HF4
uname -m = x86_64
uname -r = 5.15.133.1-microsoft-standard-WSL2
uname -s = Linux
uname -v = #1 SMP Thu Oct 5 21:02:42 UTC 2023

/usr/bin/uname -p = x86_64
/bin/uname -X     = unknown

/bin/arch              = x86_64
/usr/bin/arch -k       = unknown
/usr/convex/getsysinfo = unknown
/usr/bin/hostinfo      = unknown
/bin/machine           = unknown
/usr/bin/oslevel       = unknown
/bin/universe          = unknown

PATH: /usr/local/sbin/
PATH: /usr/local/bin/
PATH: /usr/sbin/
PATH: /usr/bin/
PATH: /sbin/
PATH: /bin/
PATH: /usr/games/
PATH: /usr/local/games/
PATH: /snap/bin/


## ----------- ##
## Core tests. ##
## ----------- ##

configure:2900: looking for aux files: missing install-sh compile config.guess config.sub ltmain.sh
configure:2913:  trying ././
configure:2942:   ././missing found
configure:2924:   ././install-sh found
configure:2942:   ././compile found
configure:2942:   ././config.guess found
configure:2942:   ././config.sub found
configure:2942:   ././ltmain.sh found
configure:3088: checking build system type
configure:3103: result: x86_64-pc-linux-gnu
configure:3123: checking host system type
configure:3137: result: x86_64-pc-linux-gnu
configure:3178: checking how to print strings
configure:3205: result: printf
configure:3291: checking for gcc
configure:3312: found /usr/bin/gcc
configure:3323: result: gcc
configure:3676: checking for C compiler version
configure:3685: gcc --version >&5
gcc (Ubuntu 11.4.0-1ubuntu1~22.04) 11.4.0
Copyright (C) 2021 Free Software Foundation, Inc.
This is free software; see the source for copying conditions.  There is NO
warranty; not even for MERCHANTABILITY or FITNESS FOR A PARTICULAR PURPOSE.

configure:3696: $? = 0
configure:3685: gcc -v >&5
Using built-in specs.
COLLECT_GCC=gcc
COLLECT_LTO_WRAPPER=/usr/lib/gcc/x86_64-linux-gnu/11/lto-wrapper
OFFLOAD_TARGET_NAMES=nvptx-none:amdgcn-amdhsa
OFFLOAD_TARGET_DEFAULT=1
Target: x86_64-linux-gnu
Configured with: ../src/configure -v --with-pkgversion='Ubuntu 11.4.0-1ubuntu1~22.04' --with-bugurl=file:///usr/share/doc/gcc-11/README.Bugs --enable-languages=c,ada,c++,go,brig,d,fortran,objc,obj-c++,m2 --prefix=/usr --with-gcc-major-version-only --program-suffix=-11 --program-prefix=x86_64-linux-gnu- --enable-shared --enable-linker-build-id --libexecdir=/usr/lib --without-included-gettext --enable-threads=posix --libdir=/usr/lib --enable-nls --enable-bootstrap --enable-clocale=gnu --enable-libstdcxx-debug --enable-libstdcxx-time=yes --with-default-libstdcxx-abi=new --enable-gnu-unique-object --disable-vtable-verify --enable-plugin --enable-default-pie --with-system-zlib --enable-libphobos-checking=release --with-target-system-zlib=auto --enable-objc-gc=auto --enable-multiarch --disable-werror --enable-cet --with-arch-32=i686 --with-abi=m64 --with-multilib-list=m32,m64,mx32 --enable-multilib --with-tune=generic --enable-offload-targets=nvptx-none=/build/gcc-11-XeT9lY/gcc-11-11.4.0/debian/tmp-nvptx/usr,amdgcn-amdhsa=/build/gcc-11-XeT9lY/gcc-11-11.4.0/debian/tmp-gcn/usr --without-cuda-driver --enable-checking=release --build=x86_64-linux-gnu --host=x86_64-linux-gnu --target=x86_64-linux-gnu --with-build-config=bootstrap-lto-lean --enable-link-serialization=2
Thread model: posix
Supported LTO compression algorithms: zlib zstd
gcc version 11.4.0 (Ubuntu 11.4.0-1ubuntu1~22.04) 
... rest of stderr output deleted ...
configure:3696: $? = 0
configure:3685: gcc -V >&5
gcc: error: unrecognized command-line option '-V'
gcc: fatal error: no input files
compilation terminated.
configure:3696: $? = 1
configure:3685: gcc -qversion >&5
gcc: error: unrecognized command-line option '-qversion'; did you mean '--version'?
gcc: fatal error: no input files
compilation terminated.
configure:3696: $? = 1
configure:3685: gcc -version >&5
gcc: error: unrecognized command-line option '-version'
gcc: fatal error: no input files
compilation terminated.
configure:3696: $? = 1
configure:3716: checking whether the C compiler works
configure:3738: gcc    conftest.c  >&5
configure:3742: $? = 0
configure:3792: result: yes
configure:3795: checking for C compiler default output file name
configure:3797: result: a.out
configure:3803: checking for suffix of executables
configure:3810: gcc -o conftest    conftest.c  >&5
configure:3814: $? = 0
configure:3837: result: 
configure:3859: checking whether we are cross compiling
configure:3867: gcc -o conftest    conftest.c  >&5
configure:3871: $? = 0
configure:3878: ./conftest
configure:3882: $? = 0
configure:3897: result: no
configure:3902: checking for suffix of object files
configure:3925: gcc -c   conftest.c >&5
configure:3929: $? = 0
configure:3951: result: o
configure:3955: checking whether the compiler supports GNU C
configure:3975: gcc -c   conftest.c >&5
configure:3975: $? = 0
configure:3985: result: yes
configure:3996: checking whether gcc accepts -g
configure:4017: gcc -c -g  conftest.c >&5
configure:4017: $? = 0
configure:4061: result: yes
configure:4081: checking for gcc option to enable C11 features
configure:4096: gcc  -c -g -O2  conftest.c >&5
configure:4096: $? = 0
configure:4114: result: none needed
configure:4230: checking whether gcc understands -c and -o together
configure:4253: gcc -c conftest.c -o conftest2.o
configure:4256: $? = 0
configure:4253: gcc -c conftest.c -o conftest2.o
configure:4256: $? = 0
configure:4268: result: yes
configure:4285: checking for a sed that does not truncate output
configure:4355: result: /usr/bin/sed
configure:4373: checking for grep that handles long lines and -e
configure:4437: result: /usr/bin/grep
configure:4442: checking for egrep
configure:4510: result: /usr/bin/grep -E
configure:4515: checking for fgrep
configure:4583: result: /usr/bin/grep -F
configure:4619: checking for ld used by gcc
configure:4687: result: /usr/bin/ld
configure:4694: checking if the linker (/usr/bin/ld) is GNU ld
configure:4710: result: yes
configure:4722: checking for BSD- or MS-compatible name lister (nm)
configure:4777: result: /usr/bin/nm -B
configure:4917: checking the name lister (/usr/bin/nm -B) interface
configure:4925: gcc -c -g -O2  conftest.c >&5
configure:4928: /usr/bin/nm -B "conftest.o"
configure:4931: output
0000000000000000 B some_variable
configure:4938: result: BSD nm
configure:4941: checking whether ln -s works
configure:4945: result: yes
configure:4953: checking the maximum length of command line arguments
configure:5085: result: 1572864
configure:5133: checking how to convert x86_64-pc-linux-gnu file names to x86_64-pc-linux-gnu format
configure:5174: result: func_convert_file_noop
configure:5181: checking how to convert x86_64-pc-linux-gnu file names to toolchain format
configure:5202: result: func_convert_file_noop
configure:5209: checking for /usr/bin/ld option to reload object files
configure:5217: result: -r
configure:5296: checking for file
configure:5317: found /usr/bin/file
configure:5328: result: file
configure:5404: checking for objdump
configure:5425: found /usr/bin/objdump
configure:5436: result: objdump
configure:5468: checking how to recognize dependent libraries
configure:5669: result: pass_all
configure:5759: checking for dlltool
configure:5794: result: no
configure:5824: checking how to associate runtime and link libraries
configure:5852: result: printf %s\n
configure:5918: checking for ar
configure:5939: found /usr/bin/ar
configure:5950: result: ar
configure:6003: checking for archiver @FILE support
configure:6021: gcc -c -g -O2  conftest.c >&5
configure:6021: $? = 0
configure:6025: ar cr libconftest.a @conftest.lst >&5
configure:6028: $? = 0
configure:6033: ar cr libconftest.a @conftest.lst >&5
ar: conftest.o: No such file or directory
configure:6036: $? = 1
configure:6048: result: @
configure:6111: checking for strip
configure:6132: found /usr/bin/strip
configure:6143: result: strip
configure:6220: checking for ranlib
configure:6241: found /usr/bin/ranlib
configure:6252: result: ranlib
configure:6329: checking for gawk
configure:6350: found /usr/bin/gawk
configure:6361: result: gawk
configure:6401: checking command to parse /usr/bin/nm -B output from gcc object
configure:6555: gcc -c -g -O2  conftest.c >&5
configure:6558: $? = 0
configure:6562: /usr/bin/nm -B conftest.o | /usr/bin/sed -n -e 's/^.*[	 ]\([ABCDGIRSTW][ABCDGIRSTW]*\)[	 ][	 ]*\([_A-Za-z][_A-Za-z0-9]*\)$/\1 \2 \2/p' | /usr/bin/sed '/ __gnu_lto/d' > conftest.nm
configure:6628: gcc -o conftest -g -O2   conftest.c conftstm.o >&5
configure:6631: $? = 0
configure:6669: result: ok
configure:6716: checking for sysroot
configure:6747: result: no
configure:6754: checking for a working dd
configure:6798: result: /usr/bin/dd
configure:6802: checking how to truncate binary pipes
configure:6818: result: /usr/bin/dd bs=4096 count=1
configure:6955: gcc -c -g -O2  conftest.c >&5
configure:6958: $? = 0
configure:7155: checking for mt
configure:7176: found /usr/bin/mt
configure:7187: result: mt
configure:7210: checking if mt is a manifest tool
configure:7217: mt '-?'
configure:7225: result: no
configure:7950: checking for stdio.h
configure:7950: gcc -c -g -O2  conftest.c >&5
configure:7950: $? = 0
configure:7950: result: yes
configure:7950: checking for stdlib.h
configure:7950: gcc -c -g -O2  conftest.c >&5
configure:7950: $? = 0
configure:7950: result: yes
configure:7950: checking for string.h
configure:7950: gcc -c -g -O2  conftest.c >&5
configure:7950: $? = 0
configure:7950: result: yes
configure:7950: checking for inttypes.h
configure:7950: gcc -c -g -O2  conftest.c >&5
configure:7950: $? = 0
configure:7950: result: yes
configure:7950: checking for stdint.h
configure:7950: gcc -c -g -O2  conftest.c >&5
configure:7950: $? = 0
configure:7950: result: yes
configure:7950: checking for strings.h
configure:7950: gcc -c -g -O2  conftest.c >&5
configure:7950: $? = 0
configure:7950: result: yes
configure:7950: checking for sys/stat.h
configure:7950: gcc -c -g -O2  conftest.c >&5
configure:7950: $? = 0
configure:7950: result: yes
configure:7950: checking for sys/types.h
configure:7950: gcc -c -g -O2  conftest.c >&5
configure:7950: $? = 0
configure:7950: result: yes
configure:7950: checking for unistd.h
configure:7950: gcc -c -g -O2  conftest.c >&5
configure:7950: $? = 0
configure:7950: result: yes
configure:7975: checking for dlfcn.h
configure:7975: gcc -c -g -O2  conftest.c >&5
configure:7975: $? = 0
configure:7975: result: yes
configure:8234: checking for objdir
configure:8250: result: .libs
configure:8514: checking if gcc supports -fno-rtti -fno-exceptions
configure:8533: gcc -c -g -O2  -fno-rtti -fno-exceptions conftest.c >&5
cc1: warning: command-line option '-fno-rtti' is valid for C++/D/ObjC++ but not for C
configure:8537: $? = 0
configure:8550: result: no
configure:8914: checking for gcc option to produce PIC
configure:8922: result: -fPIC -DPIC
configure:8930: checking if gcc PIC flag -fPIC -DPIC works
configure:8949: gcc -c -g -O2  -fPIC -DPIC -DPIC conftest.c >&5
configure:8953: $? = 0
configure:8966: result: yes
configure:8995: checking if gcc static flag -static works
configure:9024: result: yes
configure:9039: checking if gcc supports -c -o file.o
configure:9061: gcc -c -g -O2  -o out/conftest2.o conftest.c >&5
configure:9065: $? = 0
configure:9087: result: yes
configure:9095: checking if gcc supports -c -o file.o
configure:9143: result: yes
configure:9176: checking whether the gcc linker (/usr/bin/ld -m elf_x86_64) supports shared libraries
configure:10450: result: yes
configure:10487: checking whether -lc should be explicitly linked in
configure:10496: gcc -c -g -O2  conftest.c >&5
configure:10499: $? = 0
configure:10514: gcc -shared  -fPIC -DPIC conftest.o  -v -Wl,-soname -Wl,conftest -o conftest 2\>\&1 \| /usr/bin/grep  -lc  \>/dev/null 2\>\&1
configure:10517: $? = 0
configure:10531: result: no
configure:10691: checking dynamic linker characteristics
configure:11273: gcc -o conftest -g -O2   -Wl,-rpath -Wl,/foo conftest.c  >&5
configure:11273: $? = 0
configure:11524: result: GNU/Linux ld.so
configure:11646: checking how to hardcode library paths into programs
configure:11671: result: immediate
configure:12223: checking whether stripping libraries is possible
configure:12232: result: yes
configure:12274: checking if libtool supports shared libraries
configure:12276: result: yes
configure:12279: checking whether to build shared libraries
configure:12304: result: yes
configure:12307: checking whether to build static libraries
configure:12311: result: yes
configure:12358: checking target system type
configure:12372: result: x86_64-pc-linux-gnu
configure:12418: checking for a BSD-compatible install
configure:12491: result: /usr/bin/install -c
configure:12502: checking whether build environment is sane
configure:12557: result: yes
configure:12712: checking for a race-free mkdir -p
configure:12756: result: /usr/bin/mkdir -p
configure:12759: checking whether make sets $(MAKE)
configure:12782: result: yes
configure:12804: checking whether make supports the include directive
configure:12819: make -f confmf.GNU && cat confinc.out
this is the am__doit target
configure:12822: $? = 0
configure:12841: result: yes (GNU style)
configure:12876: checking whether make supports nested variables
configure:12894: result: yes
configure:12975: checking dependency style of gcc
configure:13087: result: gcc3
configure:13174: checking whether make supports nested variables
configure:13192: result: yes
configure:13267: checking for gcc
configure:13299: result: gcc
configure:13652: checking for C compiler version
configure:13661: gcc --version >&5
gcc (Ubuntu 11.4.0-1ubuntu1~22.04) 11.4.0
Copyright (C) 2021 Free Software Foundation, Inc.
This is free software; see the source for copying conditions.  There is NO
warranty; not even for MERCHANTABILITY or FITNESS FOR A PARTICULAR PURPOSE.

configure:13672: $? = 0
configure:13661: gcc -v >&5
Using built-in specs.
COLLECT_GCC=gcc
COLLECT_LTO_WRAPPER=/usr/lib/gcc/x86_64-linux-gnu/11/lto-wrapper
OFFLOAD_TARGET_NAMES=nvptx-none:amdgcn-amdhsa
OFFLOAD_TARGET_DEFAULT=1
Target: x86_64-linux-gnu
Configured with: ../src/configure -v --with-pkgversion='Ubuntu 11.4.0-1ubuntu1~22.04' --with-bugurl=file:///usr/share/doc/gcc-11/README.Bugs --enable-languages=c,ada,c++,go,brig,d,fortran,objc,obj-c++,m2 --prefix=/usr --with-gcc-major-version-only --program-suffix=-11 --program-prefix=x86_64-linux-gnu- --enable-shared --enable-linker-build-id --libexecdir=/usr/lib --without-included-gettext --enable-threads=posix --libdir=/usr/lib --enable-nls --enable-bootstrap --enable-clocale=gnu --enable-libstdcxx-debug --enable-libstdcxx-time=yes --with-default-libstdcxx-abi=new --enable-gnu-unique-object --disable-vtable-verify --enable-plugin --enable-default-pie --with-system-zlib --enable-libphobos-checking=release --with-target-system-zlib=auto --enable-objc-gc=auto --enable-multiarch --disable-werror --enable-cet --with-arch-32=i686 --with-abi=m64 --with-multilib-list=m32,m64,mx32 --enable-multilib --with-tune=generic --enable-offload-targets=nvptx-none=/build/gcc-11-XeT9lY/gcc-11-11.4.0/debian/tmp-nvptx/usr,amdgcn-amdhsa=/build/gcc-11-XeT9lY/gcc-11-11.4.0/debian/tmp-gcn/usr --without-cuda-driver --enable-checking=release --build=x86_64-linux-gnu --host=x86_64-linux-gnu --target=x86_64-linux-gnu --with-build-config=bootstrap-lto-lean --enable-link-serialization=2
Thread model: posix
Supported LTO compression algorithms: zlib zstd
gcc version 11.4.0 (Ubuntu 11.4.0-1ubuntu1~22.04) 
... rest of stderr output deleted ...
configure:13672: $? = 0
configure:13661: gcc -V >&5
gcc: error: unrecognized command-line option '-V'
gcc: fatal error: no input files
compilation terminated.
configure:13672: $? = 1
configure:13661: gcc -qversion >&5
gcc: error: unrecognized command-line option '-qversion'; did you mean '--version'?
gcc: fatal error: no input files
compilation terminated.
configure:13672: $? = 1
configure:13661: gcc -version >&5
gcc: error: unrecognized command-line option '-version'
gcc: fatal error: no input files
compilation terminated.
configure:13672: $? = 1
configure:13676: checking whether the compiler supports GNU C
configure:13706: result: yes
configure:13717: checking whether gcc accepts -g
configure:13782: result: yes
configure:13802: checking for gcc option to enable C11 features
configure:13835: result: none needed
configure:13951: checking whether gcc understands -c and -o together
configure:13989: result: yes
configure:14075: checking for g++
configure:14096: found /usr/bin/g++
configure:14107: result: g++
configure:14134: checking for C++ compiler version
configure:14143: g++ --version >&5
g++ (Ubuntu 11.4.0-1ubuntu1~22.04) 11.4.0
Copyright (C) 2021 Free Software Foundation, Inc.
This is free software; see the source for copying conditions.  There is NO
warranty; not even for MERCHANTABILITY or FITNESS FOR A PARTICULAR PURPOSE.

configure:14154: $? = 0
configure:14143: g++ -v >&5
Using built-in specs.
COLLECT_GCC=g++
COLLECT_LTO_WRAPPER=/usr/lib/gcc/x86_64-linux-gnu/11/lto-wrapper
OFFLOAD_TARGET_NAMES=nvptx-none:amdgcn-amdhsa
OFFLOAD_TARGET_DEFAULT=1
Target: x86_64-linux-gnu
Configured with: ../src/configure -v --with-pkgversion='Ubuntu 11.4.0-1ubuntu1~22.04' --with-bugurl=file:///usr/share/doc/gcc-11/README.Bugs --enable-languages=c,ada,c++,go,brig,d,fortran,objc,obj-c++,m2 --prefix=/usr --with-gcc-major-version-only --program-suffix=-11 --program-prefix=x86_64-linux-gnu- --enable-shared --enable-linker-build-id --libexecdir=/usr/lib --without-included-gettext --enable-threads=posix --libdir=/usr/lib --enable-nls --enable-bootstrap --enable-clocale=gnu --enable-libstdcxx-debug --enable-libstdcxx-time=yes --with-default-libstdcxx-abi=new --enable-gnu-unique-object --disable-vtable-verify --enable-plugin --enable-default-pie --with-system-zlib --enable-libphobos-checking=release --with-target-system-zlib=auto --enable-objc-gc=auto --enable-multiarch --disable-werror --enable-cet --with-arch-32=i686 --with-abi=m64 --with-multilib-list=m32,m64,mx32 --enable-multilib --with-tune=generic --enable-offload-targets=nvptx-none=/build/gcc-11-XeT9lY/gcc-11-11.4.0/debian/tmp-nvptx/usr,amdgcn-amdhsa=/build/gcc-11-XeT9lY/gcc-11-11.4.0/debian/tmp-gcn/usr --without-cuda-driver --enable-checking=release --build=x86_64-linux-gnu --host=x86_64-linux-gnu --target=x86_64-linux-gnu --with-build-config=bootstrap-lto-lean --enable-link-serialization=2
Thread model: posix
Supported LTO compression algorithms: zlib zstd
gcc version 11.4.0 (Ubuntu 11.4.0-1ubuntu1~22.04) 
... rest of stderr output deleted ...
configure:14154: $? = 0
configure:14143: g++ -V >&5
g++: error: unrecognized command-line option '-V'
g++: fatal error: no input files
compilation terminated.
configure:14154: $? = 1
configure:14143: g++ -qversion >&5
g++: error: unrecognized command-line option '-qversion'; did you mean '--version'?
g++: fatal error: no input files
compilation terminated.
configure:14154: $? = 1
configure:14158: checking whether the compiler supports GNU C++
configure:14178: g++ -c   conftest.cpp >&5
configure:14178: $? = 0
configure:14188: result: yes
configure:14199: checking whether g++ accepts -g
configure:14220: g++ -c -g  conftest.cpp >&5
configure:14220: $? = 0
configure:14264: result: yes
configure:14284: checking for g++ option to enable C++11 features
configure:14299: g++  -c -g -O2  conftest.cpp >&5
conftest.cpp: In function 'int main(int, char**)':
conftest.cpp:189:25: warning: empty parentheses were disambiguated as a function declaration [-Wvexing-parse]
  189 |   cxx11test::delegate d2();
      |                         ^~
conftest.cpp:189:25: note: remove parentheses to default-initialize a variable
  189 |   cxx11test::delegate d2();
      |                         ^~
      |                         --
conftest.cpp:189:25: note: or replace parentheses with braces to value-initialize a variable
configure:14299: $? = 0
configure:14317: result: none needed
configure:14399: checking how to run the C++ preprocessor
configure:14421: g++ -E  conftest.cpp
configure:14421: $? = 0
configure:14436: g++ -E  conftest.cpp
conftest.cpp:23:10: fatal error: ac_nonexistent.h: No such file or directory
   23 | #include <ac_nonexistent.h>
      |          ^~~~~~~~~~~~~~~~~~
compilation terminated.
configure:14436: $? = 1
configure: failed program was:
| /* confdefs.h */
| #define PACKAGE_NAME "wslay"
| #define PACKAGE_TARNAME "wslay"
| #define PACKAGE_VERSION "1.1.1"
| #define PACKAGE_STRING "wslay 1.1.1"
| #define PACKAGE_BUGREPORT "t-tujikawa@users.sourceforge.net"
| #define PACKAGE_URL ""
| #define HAVE_STDIO_H 1
| #define HAVE_STDLIB_H 1
| #define HAVE_STRING_H 1
| #define HAVE_INTTYPES_H 1
| #define HAVE_STDINT_H 1
| #define HAVE_STRINGS_H 1
| #define HAVE_SYS_STAT_H 1
| #define HAVE_SYS_TYPES_H 1
| #define HAVE_UNISTD_H 1
| #define STDC_HEADERS 1
| #define HAVE_DLFCN_H 1
| #define LT_OBJDIR ".libs/"
| #define PACKAGE "wslay"
| #define VERSION "1.1.1"
| /* end confdefs.h.  */
| #include <ac_nonexistent.h>
configure:14463: result: g++ -E
configure:14477: g++ -E  conftest.cpp
configure:14477: $? = 0
configure:14492: g++ -E  conftest.cpp
conftest.cpp:23:10: fatal error: ac_nonexistent.h: No such file or directory
   23 | #include <ac_nonexistent.h>
      |          ^~~~~~~~~~~~~~~~~~
compilation terminated.
configure:14492: $? = 1
configure: failed program was:
| /* confdefs.h */
| #define PACKAGE_NAME "wslay"
| #define PACKAGE_TARNAME "wslay"
| #define PACKAGE_VERSION "1.1.1"
| #define PACKAGE_STRING "wslay 1.1.1"
| #define PACKAGE_BUGREPORT "t-tujikawa@users.sourceforge.net"
| #define PACKAGE_URL ""
| #define HAVE_STDIO_H 1
| #define HAVE_STDLIB_H 1
| #define HAVE_STRING_H 1
| #define HAVE_INTTYPES_H 1
| #define HAVE_STDINT_H 1
| #define HAVE_STRINGS_H 1
| #define HAVE_SYS_STAT_H 1
| #define HAVE_SYS_TYPES_H 1
| #define HAVE_UNISTD_H 1
| #define STDC_HEADERS 1
| #define HAVE_DLFCN_H 1
| #define LT_OBJDIR ".libs/"
| #define PACKAGE "wslay"
| #define VERSION "1.1.1"
| /* end confdefs.h.  */
| #include <ac_nonexistent.h>
configure:14657: checking for ld used by g++
configure:14725: result: /usr/bin/ld -m elf_x86_64
configure:14732: checking if the linker (/usr/bin/ld -m elf_x86_64) is GNU ld
configure:14748: result: yes
configure:14803: checking whether the g++ linker (/usr/bin/ld -m elf_x86_64) supports shared libraries
configure:15881: result: yes
configure:15917: g++ -c -g -O2  conftest.cpp >&5
configure:15920: $? = 0
configure:16401: checking for g++ option to produce PIC
configure:16409: result: -fPIC -DPIC
configure:16417: checking if g++ PIC flag -fPIC -DPIC works
configure:16436: g++ -c -g -O2  -fPIC -DPIC -DPIC conftest.cpp >&5
configure:16440: $? = 0
configure:16453: result: yes
configure:16476: checking if g++ static flag -static works
configure:16505: result: yes
configure:16517: checking if g++ supports -c -o file.o
configure:16539: g++ -c -g -O2  -o out/conftest2.o conftest.cpp >&5
configure:16543: $? = 0
configure:16565: result: yes
configure:16570: checking if g++ supports -c -o file.o
configure:16618: result: yes
configure:16648: checking whether the g++ linker (/usr/bin/ld -m elf_x86_64) supports shared libraries
configure:16691: result: yes
configure:16833: checking dynamic linker characteristics
configure:17593: result: GNU/Linux ld.so
configure:17658: checking how to hardcode library paths into programs
configure:17683: result: immediate
configure:17725: checking dependency style of g++
configure:17837: result: gcc3
configure:17853: checking whether ln -s works
configure:17857: result: yes
configure:17864: checking whether make sets $(MAKE)
configure:17887: result: yes
configure:17955: checking for pkg-config
configure:17978: found /usr/bin/pkg-config
configure:17990: result: /usr/bin/pkg-config
configure:18015: checking pkg-config is at least version 0.20
configure:18018: result: yes
configure:18029: checking for sphinx-build
configure:18067: result: no
configure:18087: checking for nettle >= 2.4
configure:18094: $PKG_CONFIG --exists --print-errors "nettle >= 2.4"
Package nettle was not found in the pkg-config search path.
Perhaps you should add the directory containing `nettle.pc'
to the PKG_CONFIG_PATH environment variable
No package 'nettle' found
configure:18097: $? = 1
configure:18111: $PKG_CONFIG --exists --print-errors "nettle >= 2.4"
Package nettle was not found in the pkg-config search path.
Perhaps you should add the directory containing `nettle.pc'
to the PKG_CONFIG_PATH environment variable
No package 'nettle' found
configure:18114: $? = 1
configure:18128: result: no
No package 'nettle' found
configure:18157: checking for CU_initialize_registry in -lcunit
configure:18180: gcc -o conftest -g -O2   conftest.c -lcunit   >&5
/usr/bin/ld: cannot find -lcunit: No such file or directory
collect2: error: ld returned 1 exit status
configure:18180: $? = 1
configure: failed program was:
| /* confdefs.h */
| #define PACKAGE_NAME "wslay"
| #define PACKAGE_TARNAME "wslay"
| #define PACKAGE_VERSION "1.1.1"
| #define PACKAGE_STRING "wslay 1.1.1"
| #define PACKAGE_BUGREPORT "t-tujikawa@users.sourceforge.net"
| #define PACKAGE_URL ""
| #define HAVE_STDIO_H 1
| #define HAVE_STDLIB_H 1
| #define HAVE_STRING_H 1
| #define HAVE_INTTYPES_H 1
| #define HAVE_STDINT_H 1
| #define HAVE_STRINGS_H 1
| #define HAVE_SYS_STAT_H 1
| #define HAVE_SYS_TYPES_H 1
| #define HAVE_UNISTD_H 1
| #define STDC_HEADERS 1
| #define HAVE_DLFCN_H 1
| #define LT_OBJDIR ".libs/"
| #define PACKAGE "wslay"
| #define VERSION "1.1.1"
| /* end confdefs.h.  */
| 
| /* Override any GCC internal prototype to avoid an error.
|    Use char because int might match the return type of a GCC
|    builtin and then its argument prototype would still apply.  */
| char CU_initialize_registry ();
| int
| main (void)
| {
| return CU_initialize_registry ();
|   ;
|   return 0;
| }
configure:18190: result: no
configure:18216: checking for arpa/inet.h
configure:18216: gcc -c -g -O2  conftest.c >&5
configure:18216: $? = 0
configure:18216: result: yes
configure:18222: checking for netinet/in.h
configure:18222: gcc -c -g -O2  conftest.c >&5
configure:18222: $? = 0
configure:18222: result: yes
configure:18228: checking for stddef.h
configure:18228: gcc -c -g -O2  conftest.c >&5
configure:18228: $? = 0
configure:18228: result: yes
configure:18234: checking for stdint.h
configure:18234: result: yes
configure:18240: checking for stdlib.h
configure:18240: result: yes
configure:18246: checking for string.h
configure:18246: result: yes
configure:18252: checking for unistd.h
configure:18252: result: yes
configure:18274: checking for size_t
configure:18274: gcc -c -g -O2  conftest.c >&5
configure:18274: $? = 0
configure:18274: gcc -c -g -O2  conftest.c >&5
conftest.c: In function 'main':
conftest.c:61:21: error: expected expression before ')' token
   61 | if (sizeof ((size_t)))
      |                     ^
configure:18274: $? = 1
configure: failed program was:
| /* confdefs.h */
| #define PACKAGE_NAME "wslay"
| #define PACKAGE_TARNAME "wslay"
| #define PACKAGE_VERSION "1.1.1"
| #define PACKAGE_STRING "wslay 1.1.1"
| #define PACKAGE_BUGREPORT "t-tujikawa@users.sourceforge.net"
| #define PACKAGE_URL ""
| #define HAVE_STDIO_H 1
| #define HAVE_STDLIB_H 1
| #define HAVE_STRING_H 1
| #define HAVE_INTTYPES_H 1
| #define HAVE_STDINT_H 1
| #define HAVE_STRINGS_H 1
| #define HAVE_SYS_STAT_H 1
| #define HAVE_SYS_TYPES_H 1
| #define HAVE_UNISTD_H 1
| #define STDC_HEADERS 1
| #define HAVE_DLFCN_H 1
| #define LT_OBJDIR ".libs/"
| #define PACKAGE "wslay"
| #define VERSION "1.1.1"
| #define HAVE_ARPA_INET_H 1
| #define HAVE_NETINET_IN_H 1
| #define HAVE_STDDEF_H 1
| #define HAVE_STDINT_H 1
| #define HAVE_STDLIB_H 1
| #define HAVE_STRING_H 1
| #define HAVE_UNISTD_H 1
| /* end confdefs.h.  */
| #include <stddef.h>
| #ifdef HAVE_STDIO_H
| # include <stdio.h>
| #endif
| #ifdef HAVE_STDLIB_H
| # include <stdlib.h>
| #endif
| #ifdef HAVE_STRING_H
| # include <string.h>
| #endif
| #ifdef HAVE_INTTYPES_H
| # include <inttypes.h>
| #endif
| #ifdef HAVE_STDINT_H
| # include <stdint.h>
| #endif
| #ifdef HAVE_STRINGS_H
| # include <strings.h>
| #endif
| #ifdef HAVE_SYS_TYPES_H
| # include <sys/types.h>
| #endif
| #ifdef HAVE_SYS_STAT_H
| # include <sys/stat.h>
| #endif
| #ifdef HAVE_UNISTD_H
| # include <unistd.h>
| #endif
| int
| main (void)
| {
| if (sizeof ((size_t)))
| 	    return 0;
|   ;
|   return 0;
| }
configure:18274: result: yes
configure:18284: checking for ssize_t
configure:18284: gcc -c -g -O2  conftest.c >&5
configure:18284: $? = 0
configure:18284: gcc -c -g -O2  conftest.c >&5
conftest.c: In function 'main':
conftest.c:61:22: error: expected expression before ')' token
   61 | if (sizeof ((ssize_t)))
      |                      ^
configure:18284: $? = 1
configure: failed program was:
| /* confdefs.h */
| #define PACKAGE_NAME "wslay"
| #define PACKAGE_TARNAME "wslay"
| #define PACKAGE_VERSION "1.1.1"
| #define PACKAGE_STRING "wslay 1.1.1"
| #define PACKAGE_BUGREPORT "t-tujikawa@users.sourceforge.net"
| #define PACKAGE_URL ""
| #define HAVE_STDIO_H 1
| #define HAVE_STDLIB_H 1
| #define HAVE_STRING_H 1
| #define HAVE_INTTYPES_H 1
| #define HAVE_STDINT_H 1
| #define HAVE_STRINGS_H 1
| #define HAVE_SYS_STAT_H 1
| #define HAVE_SYS_TYPES_H 1
| #define HAVE_UNISTD_H 1
| #define STDC_HEADERS 1
| #define HAVE_DLFCN_H 1
| #define LT_OBJDIR ".libs/"
| #define PACKAGE "wslay"
| #define VERSION "1.1.1"
| #define HAVE_ARPA_INET_H 1
| #define HAVE_NETINET_IN_H 1
| #define HAVE_STDDEF_H 1
| #define HAVE_STDINT_H 1
| #define HAVE_STDLIB_H 1
| #define HAVE_STRING_H 1
| #define HAVE_UNISTD_H 1
| /* end confdefs.h.  */
| #include <stddef.h>
| #ifdef HAVE_STDIO_H
| # include <stdio.h>
| #endif
| #ifdef HAVE_STDLIB_H
| # include <stdlib.h>
| #endif
| #ifdef HAVE_STRING_H
| # include <string.h>
| #endif
| #ifdef HAVE_INTTYPES_H
| # include <inttypes.h>
| #endif
| #ifdef HAVE_STDINT_H
| # include <stdint.h>
| #endif
| #ifdef HAVE_STRINGS_H
| # include <strings.h>
| #endif
| #ifdef HAVE_SYS_TYPES_H
| # include <sys/types.h>
| #endif
| #ifdef HAVE_SYS_STAT_H
| # include <sys/stat.h>
| #endif
| #ifdef HAVE_UNISTD_H
| # include <unistd.h>
| #endif
| int
| main (void)
| {
| if (sizeof ((ssize_t)))
| 	    return 0;
|   ;
|   return 0;
| }
configure:18284: result: yes
configure:18294: checking for uint8_t
configure:18294: gcc -c -g -O2  conftest.c >&5
configure:18294: $? = 0
configure:18294: result: yes
configure:18306: checking for uint16_t
configure:18306: gcc -c -g -O2  conftest.c >&5
configure:18306: $? = 0
configure:18306: result: yes
configure:18316: checking for uint32_t
configure:18316: gcc -c -g -O2  conftest.c >&5
configure:18316: $? = 0
configure:18316: result: yes
configure:18328: checking for uint64_t
configure:18328: gcc -c -g -O2  conftest.c >&5
configure:18328: $? = 0
configure:18328: result: yes
configure:18340: checking for ptrdiff_t
configure:18340: gcc -c -g -O2  conftest.c >&5
configure:18340: $? = 0
configure:18340: gcc -c -g -O2  conftest.c >&5
conftest.c: In function 'main':
conftest.c:61:24: error: expected expression before ')' token
   61 | if (sizeof ((ptrdiff_t)))
      |                        ^
configure:18340: $? = 1
configure: failed program was:
| /* confdefs.h */
| #define PACKAGE_NAME "wslay"
| #define PACKAGE_TARNAME "wslay"
| #define PACKAGE_VERSION "1.1.1"
| #define PACKAGE_STRING "wslay 1.1.1"
| #define PACKAGE_BUGREPORT "t-tujikawa@users.sourceforge.net"
| #define PACKAGE_URL ""
| #define HAVE_STDIO_H 1
| #define HAVE_STDLIB_H 1
| #define HAVE_STRING_H 1
| #define HAVE_INTTYPES_H 1
| #define HAVE_STDINT_H 1
| #define HAVE_STRINGS_H 1
| #define HAVE_SYS_STAT_H 1
| #define HAVE_SYS_TYPES_H 1
| #define HAVE_UNISTD_H 1
| #define STDC_HEADERS 1
| #define HAVE_DLFCN_H 1
| #define LT_OBJDIR ".libs/"
| #define PACKAGE "wslay"
| #define VERSION "1.1.1"
| #define HAVE_ARPA_INET_H 1
| #define HAVE_NETINET_IN_H 1
| #define HAVE_STDDEF_H 1
| #define HAVE_STDINT_H 1
| #define HAVE_STDLIB_H 1
| #define HAVE_STRING_H 1
| #define HAVE_UNISTD_H 1
| /* end confdefs.h.  */
| #include <stddef.h>
| #ifdef HAVE_STDIO_H
| # include <stdio.h>
| #endif
| #ifdef HAVE_STDLIB_H
| # include <stdlib.h>
| #endif
| #ifdef HAVE_STRING_H
| # include <string.h>
| #endif
| #ifdef HAVE_INTTYPES_H
| # include <inttypes.h>
| #endif
| #ifdef HAVE_STDINT_H
| # include <stdint.h>
| #endif
| #ifdef HAVE_STRINGS_H
| # include <strings.h>
| #endif
| #ifdef HAVE_SYS_TYPES_H
| # include <sys/types.h>
| #endif
| #ifdef HAVE_SYS_STAT_H
| # include <sys/stat.h>
| #endif
| #ifdef HAVE_UNISTD_H
| # include <unistd.h>
| #endif
| int
| main (void)
| {
| if (sizeof ((ptrdiff_t)))
| 	    return 0;
|   ;
|   return 0;
| }
configure:18340: result: yes
configure:18349: checking whether byte ordering is bigendian
configure:18365: gcc -c -g -O2  conftest.c >&5
conftest.c:32:16: error: unknown type name 'not'
   32 |                not a universal capable compiler
      |                ^~~
conftest.c:32:22: error: expected '=', ',', ';', 'asm' or '__attribute__' before 'universal'
   32 |                not a universal capable compiler
      |                      ^~~~~~~~~
conftest.c:32:22: error: unknown type name 'universal'
configure:18365: $? = 1
configure: failed program was:
| /* confdefs.h */
| #define PACKAGE_NAME "wslay"
| #define PACKAGE_TARNAME "wslay"
| #define PACKAGE_VERSION "1.1.1"
| #define PACKAGE_STRING "wslay 1.1.1"
| #define PACKAGE_BUGREPORT "t-tujikawa@users.sourceforge.net"
| #define PACKAGE_URL ""
| #define HAVE_STDIO_H 1
| #define HAVE_STDLIB_H 1
| #define HAVE_STRING_H 1
| #define HAVE_INTTYPES_H 1
| #define HAVE_STDINT_H 1
| #define HAVE_STRINGS_H 1
| #define HAVE_SYS_STAT_H 1
| #define HAVE_SYS_TYPES_H 1
| #define HAVE_UNISTD_H 1
| #define STDC_HEADERS 1
| #define HAVE_DLFCN_H 1
| #define LT_OBJDIR ".libs/"
| #define PACKAGE "wslay"
| #define VERSION "1.1.1"
| #define HAVE_ARPA_INET_H 1
| #define HAVE_NETINET_IN_H 1
| #define HAVE_STDDEF_H 1
| #define HAVE_STDINT_H 1
| #define HAVE_STDLIB_H 1
| #define HAVE_STRING_H 1
| #define HAVE_UNISTD_H 1
| #define HAVE_PTRDIFF_T 1
| /* end confdefs.h.  */
| #ifndef __APPLE_CC__
| 	       not a universal capable compiler
| 	     #endif
| 	     typedef int dummy;
| 
configure:18411: gcc -c -g -O2  conftest.c >&5
configure:18411: $? = 0
configure:18430: gcc -c -g -O2  conftest.c >&5
conftest.c: In function 'main':
conftest.c:38:18: error: unknown type name 'not'; did you mean 'ino_t'?
   38 |                  not big endian
      |                  ^~~
      |                  ino_t
conftest.c:38:26: error: expected '=', ',', ';', 'asm' or '__attribute__' before 'endian'
   38 |                  not big endian
      |                          ^~~~~~
configure:18430: $? = 1
configure: failed program was:
| /* confdefs.h */
| #define PACKAGE_NAME "wslay"
| #define PACKAGE_TARNAME "wslay"
| #define PACKAGE_VERSION "1.1.1"
| #define PACKAGE_STRING "wslay 1.1.1"
| #define PACKAGE_BUGREPORT "t-tujikawa@users.sourceforge.net"
| #define PACKAGE_URL ""
| #define HAVE_STDIO_H 1
| #define HAVE_STDLIB_H 1
| #define HAVE_STRING_H 1
| #define HAVE_INTTYPES_H 1
| #define HAVE_STDINT_H 1
| #define HAVE_STRINGS_H 1
| #define HAVE_SYS_STAT_H 1
| #define HAVE_SYS_TYPES_H 1
| #define HAVE_UNISTD_H 1
| #define STDC_HEADERS 1
| #define HAVE_DLFCN_H 1
| #define LT_OBJDIR ".libs/"
| #define PACKAGE "wslay"
| #define VERSION "1.1.1"
| #define HAVE_ARPA_INET_H 1
| #define HAVE_NETINET_IN_H 1
| #define HAVE_STDDEF_H 1
| #define HAVE_STDINT_H 1
| #define HAVE_STDLIB_H 1
| #define HAVE_STRING_H 1
| #define HAVE_UNISTD_H 1
| #define HAVE_PTRDIFF_T 1
| /* end confdefs.h.  */
| #include <sys/types.h>
| 		#include <sys/param.h>
| 
| int
| main (void)
| {
| #if BYTE_ORDER != BIG_ENDIAN
| 		 not big endian
| 		#endif
| 
|   ;
|   return 0;
| }
configure:18564: result: no
configure:18584: checking for memmove
configure:18584: gcc -o conftest -g -O2   conftest.c  >&5
conftest.c:47:6: warning: conflicting types for built-in function 'memmove'; expected 'void *(void *, const void *, long unsigned int)' [-Wbuiltin-declaration-mismatch]
   47 | char memmove ();
      |      ^~~~~~~
conftest.c:39:1: note: 'memmove' is declared in header '<string.h>'
   38 | #include <limits.h>
   39 | #undef memmove
configure:18584: $? = 0
configure:18584: result: yes
configure:18590: checking for memset
configure:18590: gcc -o conftest -g -O2   conftest.c  >&5
conftest.c:48:6: warning: conflicting types for built-in function 'memset'; expected 'void *(void *, int,  long unsigned int)' [-Wbuiltin-declaration-mismatch]
   48 | char memset ();
      |      ^~~~~~
conftest.c:40:1: note: 'memset' is declared in header '<string.h>'
   39 | #include <limits.h>
   40 | #undef memset
configure:18590: $? = 0
configure:18590: result: yes
configure:18596: checking for ntohl
configure:18596: gcc -o conftest -g -O2   conftest.c  >&5
configure:18596: $? = 0
configure:18596: result: yes
configure:18602: checking for ntohs
configure:18602: gcc -o conftest -g -O2   conftest.c  >&5
configure:18602: $? = 0
configure:18602: result: yes
configure:18608: checking for htons
configure:18608: gcc -o conftest -g -O2   conftest.c  >&5
configure:18608: $? = 0
configure:18608: result: yes
configure:18737: checking that generated files are newer than configure
configure:18743: result: done
configure:18783: creating ./config.status

## ---------------------- ##
## Running config.status. ##
## ---------------------- ##

This file was extended by wslay config.status 1.1.1, which was
generated by GNU Autoconf 2.71.  Invocation command line was

  CONFIG_FILES    = 
  CONFIG_HEADERS  = 
  CONFIG_LINKS    = 
  CONFIG_COMMANDS = 
  $ ./config.status 

on DESKTOP-T1A1HF4

config.status:1182: creating Makefile
config.status:1182: creating lib/Makefile
config.status:1182: creating lib/libwslay.pc
config.status:1182: creating lib/includes/Makefile
config.status:1182: creating lib/includes/wslay/wslayver.h
config.status:1182: creating tests/Makefile
config.status:1182: creating config.h
config.status:1411: executing libtool commands
config.status:1411: executing depfiles commands
config.status:2204: cd lib       && sed -e '/# am--include-marker/d' Makefile         | make -f - am--depfiles
config.status:2209: $? = 0
config.status:2204: cd tests       && sed -e '/# am--include-marker/d' Makefile         | make -f - am--depfiles
config.status:2209: $? = 0
configure:21203: summary of build options:

    version:        1.1.1 shared 1:1:1
    Host type:      x86_64-pc-linux-gnu
    Install prefix: /usr/local
    C compiler:     gcc
    CFlags:         -g -O2
    Library types:  Shared=yes, Static=yes
    CUnit:          no
    Nettle:         no
    Build examples: no


## ---------------- ##
## Cache variables. ##
## ---------------- ##

ac_cv_build=x86_64-pc-linux-gnu
ac_cv_c_bigendian=no
ac_cv_c_compiler_gnu=yes
ac_cv_c_uint16_t=yes
ac_cv_c_uint32_t=yes
ac_cv_c_uint64_t=yes
ac_cv_c_uint8_t=yes
ac_cv_cxx_compiler_gnu=yes
ac_cv_env_CCC_set=
ac_cv_env_CCC_value=
ac_cv_env_CC_set=
ac_cv_env_CC_value=
ac_cv_env_CFLAGS_set=
ac_cv_env_CFLAGS_value=
ac_cv_env_CPPFLAGS_set=
ac_cv_env_CPPFLAGS_value=
ac_cv_env_CXXCPP_set=
ac_cv_env_CXXCPP_value=
ac_cv_env_CXXFLAGS_set=
ac_cv_env_CXXFLAGS_value=
ac_cv_env_CXX_set=
ac_cv_env_CXX_value=
ac_cv_env_LDFLAGS_set=
ac_cv_env_LDFLAGS_value=
ac_cv_env_LIBS_set=
ac_cv_env_LIBS_value=
ac_cv_env_LT_SYS_LIBRARY_PATH_set=
ac_cv_env_LT_SYS_LIBRARY_PATH_value=
ac_cv_env_NETTLE_CFLAGS_set=
ac_cv_env_NETTLE_CFLAGS_value=
ac_cv_env_NETTLE_LIBS_set=
ac_cv_env_NETTLE_LIBS_value=
ac_cv_env_PKG_CONFIG_LIBDIR_set=
ac_cv_env_PKG_CONFIG_LIBDIR_value=
ac_cv_env_PKG_CONFIG_PATH_set=
ac_cv_env_PKG_CONFIG_PATH_value=
ac_cv_env_PKG_CONFIG_set=
ac_cv_env_PKG_CONFIG_value=
ac_cv_env_build_alias_set=
ac_cv_env_build_alias_value=
ac_cv_env_host_alias_set=
ac_cv_env_host_alias_value=
ac_cv_env_target_alias_set=
ac_cv_env_target_alias_value=
ac_cv_func_htons=yes
ac_cv_func_memmove=yes
ac_cv_func_memset=yes
ac_cv_func_ntohl=yes
ac_cv_func_ntohs=yes
ac_cv_header_arpa_inet_h=yes
ac_cv_header_dlfcn_h=yes
ac_cv_header_inttypes_h=yes
ac_cv_header_netinet_in_h=yes
ac_cv_header_stddef_h=yes
ac_cv_header_stdint_h=yes
ac_cv_header_stdio_h=yes
ac_cv_header_stdlib_h=yes
ac_cv_header_string_h=yes
ac_cv_header_strings_h=yes
ac_cv_header_sys_stat_h=yes
ac_cv_header_sys_types_h=yes
ac_cv_header_unistd_h=yes
ac_cv_host=x86_64-pc-linux-gnu
ac_cv_lib_cunit_CU_initialize_registry=no
ac_cv_objext=o
ac_cv_path_EGREP='/usr/bin/grep -E'
ac_cv_path_FGREP='/usr/bin/grep -F'
ac_cv_path_GREP=/usr/bin/grep
ac_cv_path_SED=/usr/bin/sed
ac_cv_path_ac_pt_PKG_CONFIG=/usr/bin/pkg-config
ac_cv_path_install='/usr/bin/install -c'
ac_cv_path_lt_DD=/usr/bin/dd
ac_cv_path_mkdir=/usr/bin/mkdir
ac_cv_prog_AWK=gawk
ac_cv_prog_CXXCPP='g++ -E'
ac_cv_prog_ac_ct_AR=ar
ac_cv_prog_ac_ct_CC=gcc
ac_cv_prog_ac_ct_CXX=g++
ac_cv_prog_ac_ct_FILECMD=file
ac_cv_prog_ac_ct_MANIFEST_TOOL=mt
ac_cv_prog_ac_ct_OBJDUMP=objdump
ac_cv_prog_ac_ct_RANLIB=ranlib
ac_cv_prog_ac_ct_STRIP=strip
ac_cv_prog_cc_c11=
ac_cv_prog_cc_g=yes
ac_cv_prog_cc_stdc=
ac_cv_prog_cxx_cxx11=
ac_cv_prog_cxx_g=yes
ac_cv_prog_cxx_stdcxx=
ac_cv_prog_make_make_set=yes
ac_cv_target=x86_64-pc-linux-gnu
ac_cv_type_ptrdiff_t=yes
ac_cv_type_size_t=yes
ac_cv_type_ssize_t=yes
am_cv_CC_dependencies_compiler_type=gcc3
am_cv_CXX_dependencies_compiler_type=gcc3
am_cv_make_support_nested_variables=yes
am_cv_prog_cc_c_o=yes
lt_cv_ar_at_file=@
lt_cv_archive_cmds_need_lc=no
lt_cv_deplibs_check_method=pass_all
lt_cv_file_magic_cmd='$MAGIC_CMD'
lt_cv_file_magic_test_file=
lt_cv_ld_reload_flag=-r
lt_cv_nm_interface='BSD nm'
lt_cv_objdir=.libs
lt_cv_path_LD=/usr/bin/ld
lt_cv_path_LDCXX='/usr/bin/ld -m elf_x86_64'
lt_cv_path_NM='/usr/bin/nm -B'
lt_cv_path_mainfest_tool=no
lt_cv_prog_compiler_c_o=yes
lt_cv_prog_compiler_c_o_CXX=yes
lt_cv_prog_compiler_pic='-fPIC -DPIC'
lt_cv_prog_compiler_pic_CXX='-fPIC -DPIC'
lt_cv_prog_compiler_pic_works=yes
lt_cv_prog_compiler_pic_works_CXX=yes
lt_cv_prog_compiler_rtti_exceptions=no
lt_cv_prog_compiler_static_works=yes
lt_cv_prog_compiler_static_works_CXX=yes
lt_cv_prog_gnu_ld=yes
lt_cv_prog_gnu_ldcxx=yes
lt_cv_sharedlib_from_linklib_cmd='printf %s\n'
lt_cv_shlibpath_overrides_runpath=yes
lt_cv_sys_global_symbol_pipe='/usr/bin/sed -n -e '\''s/^.*[	 ]\([ABCDGIRSTW][ABCDGIRSTW]*\)[	 ][	 ]*\([_A-Za-z][_A-Za-z0-9]*\)$/\1 \2 \2/p'\'' | /usr/bin/sed '\''/ __gnu_lto/d'\'''
lt_cv_sys_global_symbol_to_c_name_address='/usr/bin/sed -n -e '\''s/^: \(.*\) .*$/  {"\1", (void *) 0},/p'\'' -e '\''s/^[ABCDGIRSTW][ABCDGIRSTW]* .* \(.*\)$/  {"\1", (void *) \&\1},/p'\'''
lt_cv_sys_global_symbol_to_c_name_address_lib_prefix='/usr/bin/sed -n -e '\''s/^: \(.*\) .*$/  {"\1", (void *) 0},/p'\'' -e '\''s/^[ABCDGIRSTW][ABCDGIRSTW]* .* \(lib.*\)$/  {"\1", (void *) \&\1},/p'\'' -e '\''s/^[ABCDGIRSTW][ABCDGIRSTW]* .* \(.*\)$/  {"lib\1", (void *) \&\1},/p'\'''
lt_cv_sys_global_symbol_to_cdecl='/usr/bin/sed -n -e '\''s/^T .* \(.*\)$/extern int \1();/p'\'' -e '\''s/^[ABCDGIRSTW][ABCDGIRSTW]* .* \(.*\)$/extern char \1;/p'\'''
lt_cv_sys_global_symbol_to_import=
lt_cv_sys_max_cmd_len=1572864
lt_cv_to_host_file_cmd=func_convert_file_noop
lt_cv_to_tool_file_cmd=func_convert_file_noop
lt_cv_truncate_bin='/usr/bin/dd bs=4096 count=1'

## ----------------- ##
## Output variables. ##
## ----------------- ##

ACLOCAL='${SHELL} '\''/home/hackx/test/aria2-1.37.0/deps/wslay/missing'\'' aclocal-1.16'
AMDEPBACKSLASH='\'
AMDEP_FALSE='#'
AMDEP_TRUE=''
AMTAR='$${TAR-tar}'
AM_BACKSLASH='\'
AM_DEFAULT_V='$(AM_DEFAULT_VERBOSITY)'
AM_DEFAULT_VERBOSITY='0'
AM_V='$(V)'
AR='ar'
AUTOCONF='${SHELL} '\''/home/hackx/test/aria2-1.37.0/deps/wslay/missing'\'' autoconf'
AUTOHEADER='${SHELL} '\''/home/hackx/test/aria2-1.37.0/deps/wslay/missing'\'' autoheader'
AUTOMAKE='${SHELL} '\''/home/hackx/test/aria2-1.37.0/deps/wslay/missing'\'' automake-1.16'
AWK='gawk'
CC='gcc'
CCDEPMODE='depmode=gcc3'
CFLAGS='-g -O2'
CPPFLAGS=''
CSCOPE='cscope'
CTAGS='ctags'
CXX='g++'
CXXCPP='g++ -E'
CXXDEPMODE='depmode=gcc3'
CXXFLAGS='-g -O2'
CYGPATH_W='echo'
DEFS='-DHAVE_CONFIG_H'
DEPDIR='.deps'
DLLTOOL='false'
DSYMUTIL=''
DUMPBIN=''
ECHO_C=''
ECHO_N='-n'
ECHO_T=''
EGREP='/usr/bin/grep -E'
ENABLE_EXAMPLES_FALSE=''
ENABLE_EXAMPLES_TRUE='#'
ETAGS='etags'
EXEEXT=''
FGREP='/usr/bin/grep -F'
FILECMD='file'
GREP='/usr/bin/grep'
HAVE_CUNIT_FALSE=''
HAVE_CUNIT_TRUE='#'
HAVE_SPHINX_BUILD_FALSE=''
HAVE_SPHINX_BUILD_TRUE='#'
INSTALL_DATA='${INSTALL} -m 644'
INSTALL_PROGRAM='${INSTALL}'
INSTALL_SCRIPT='${INSTALL}'
INSTALL_STRIP_PROGRAM='$(install_sh) -c -s'
LD='/usr/bin/ld -m elf_x86_64'
LDFLAGS=''
LIBOBJS=''
LIBS=''
LIBTOOL='$(SHELL) $(top_builddir)/libtool'
LIPO=''
LN_S='ln -s'
LTLIBOBJS=''
LT_AGE='1'
LT_CURRENT='1'
LT_REVISION='1'
LT_SYS_LIBRARY_PATH=''
MAKEINFO='${SHELL} '\''/home/hackx/test/aria2-1.37.0/deps/wslay/missing'\'' makeinfo'
MANIFEST_TOOL=':'
MKDIR_P='/usr/bin/mkdir -p'
NETTLE_CFLAGS=''
NETTLE_LIBS=''
NM='/usr/bin/nm -B'
NMEDIT=''
OBJDUMP='objdump'
OBJEXT='o'
OTOOL64=''
OTOOL=''
PACKAGE='wslay'
PACKAGE_BUGREPORT='t-tujikawa@users.sourceforge.net'
PACKAGE_NAME='wslay'
PACKAGE_STRING='wslay 1.1.1'
PACKAGE_TARNAME='wslay'
PACKAGE_URL=''
PACKAGE_VERSION='1.1.1'
PATH_SEPARATOR=':'
PKG_CONFIG='/usr/bin/pkg-config'
PKG_CONFIG_LIBDIR=''
PKG_CONFIG_PATH=''
RANLIB='ranlib'
SED='/usr/bin/sed'
SET_MAKE=''
SHELL='/bin/bash'
SPHINX_BUILD=''
STRIP='strip'
VERSION='1.1.1'
ac_ct_AR='ar'
ac_ct_CC='gcc'
ac_ct_CXX='g++'
ac_ct_DUMPBIN=''
am__EXEEXT_FALSE=''
am__EXEEXT_TRUE='#'
am__fastdepCC_FALSE='#'
am__fastdepCC_TRUE=''
am__fastdepCXX_FALSE='#'
am__fastdepCXX_TRUE=''
am__include='include'
am__isrc=''
am__leading_dot='.'
am__nodep='_no'
am__quote=''
am__tar='$${TAR-tar} chof - "$$tardir"'
am__untar='$${TAR-tar} xf -'
bindir='${exec_prefix}/bin'
build='x86_64-pc-linux-gnu'
build_alias=''
build_cpu='x86_64'
build_os='linux-gnu'
build_vendor='pc'
datadir='${datarootdir}'
datarootdir='${prefix}/share'
docdir='${datarootdir}/doc/${PACKAGE_TARNAME}'
dvidir='${docdir}'
exec_prefix='${prefix}'
host='x86_64-pc-linux-gnu'
host_alias=''
host_cpu='x86_64'
host_os='linux-gnu'
host_vendor='pc'
htmldir='${docdir}'
includedir='${prefix}/include'
infodir='${datarootdir}/info'
install_sh='${SHELL} /home/hackx/test/aria2-1.37.0/deps/wslay/install-sh'
libdir='${exec_prefix}/lib'
libexecdir='${exec_prefix}/libexec'
localedir='${datarootdir}/locale'
localstatedir='${prefix}/var'
mandir='${datarootdir}/man'
mkdir_p='$(MKDIR_P)'
oldincludedir='/usr/include'
pdfdir='${docdir}'
prefix='/usr/local'
program_transform_name='s,x,x,'
psdir='${docdir}'
runstatedir='${localstatedir}/run'
sbindir='${exec_prefix}/sbin'
sharedstatedir='${prefix}/com'
sysconfdir='${prefix}/etc'
target='x86_64-pc-linux-gnu'
target_alias=''
target_cpu='x86_64'
target_os='linux-gnu'
target_vendor='pc'

## ----------- ##
## confdefs.h. ##
## ----------- ##

/* confdefs.h */
#define PACKAGE_NAME "wslay"
#define PACKAGE_TARNAME "wslay"
#define PACKAGE_VERSION "1.1.1"
#define PACKAGE_STRING "wslay 1.1.1"
#define PACKAGE_BUGREPORT "t-tujikawa@users.sourceforge.net"
#define PACKAGE_URL ""
#define HAVE_STDIO_H 1
#define HAVE_STDLIB_H 1
#define HAVE_STRING_H 1
#define HAVE_INTTYPES_H 1
#define HAVE_STDINT_H 1
#define HAVE_STRINGS_H 1
#define HAVE_SYS_STAT_H 1
#define HAVE_SYS_TYPES_H 1
#define HAVE_UNISTD_H 1
#define STDC_HEADERS 1
#define HAVE_DLFCN_H 1
#define LT_OBJDIR ".libs/"
#define PACKAGE "wslay"
#define VERSION "1.1.1"
#define HAVE_ARPA_INET_H 1
#define HAVE_NETINET_IN_H 1
#define HAVE_STDDEF_H 1
#define HAVE_STDINT_H 1
#define HAVE_STDLIB_H 1
#define HAVE_STRING_H 1
#define HAVE_UNISTD_H 1
#define HAVE_PTRDIFF_T 1
#define HAVE_MEMMOVE 1
#define HAVE_MEMSET 1
#define HAVE_NTOHL 1
#define HAVE_NTOHS 1
#define HAVE_HTONS 1

configure: exit 0
